<?xml version="1.0" encoding="UTF-8"?>
<!-- Generated by org.testng.reporters.JUnitXMLReporter -->
<testsuite hostname="bhajandevi" ignored="0" name="Default test" tests="3" failures="0" timestamp="29 Oct 2022 06:01:57 GMT" time="83.527" errors="0">
  <testcase name="loginTitleTest" time="3.184" classname="com.ncd.tests.NCD"/>
  <testcase name="loginTest" time="4.537" classname="com.ncd.tests.NCD"/>
  <testcase name="autionMarket" time="53.051" classname="com.ncd.tests.NCD"/>
</testsuite> <!-- Default test -->
