<?xml version="1.0" encoding="UTF-8"?>
<!-- Generated by org.testng.reporters.JUnitXMLReporter -->
<testsuite hostname="bhajandevi" ignored="0" name="Default test" tests="3" failures="0" timestamp="29 Oct 2022 04:38:33 GMT" time="76.162" errors="0">
  <testcase name="loginTitleTest" time="3.339" classname="com.ncd.tests.NCD"/>
  <testcase name="loginTest" time="4.319" classname="com.ncd.tests.NCD"/>
  <testcase name="autionMarket" time="45.428" classname="com.ncd.tests.NCD"/>
</testsuite> <!-- Default test -->
