<?xml version="1.0" encoding="UTF-8"?>
<!-- Generated by org.testng.reporters.JUnitXMLReporter -->
<testsuite hostname="bhajandevi" ignored="0" name="BuyerTest" tests="5" failures="0" timestamp="24 Dec 2022 09:51:00 GMT" time="482.505" errors="0">
  <testcase name="loginTitleTest" time="4.715" classname="com.ncd.tests.NcdBuyer"/>
  <testcase name="loginTestBuyer" time="18.938" classname="com.ncd.tests.NcdBuyer"/>
  <testcase name="autionMarket" time="38.767" classname="com.ncd.tests.NcdBuyer"/>
  <testcase name="checkStatusBuyer" time="396.94" classname="com.ncd.tests.NcdBuyer"/>
  <testcase name="checkNotificationBuyer" time="2.576" classname="com.ncd.tests.NcdBuyer"/>
</testsuite> <!-- BuyerTest -->
